<?xml version="1.0" encoding="UTF-8"?>
<testsuite xmlns:xsi="http://www.w3.org/2001/XMLSchema-instance" xsi:noNamespaceSchemaLocation="https://maven.apache.org/surefire/maven-surefire-plugin/xsd/surefire-test-report.xsd" name="com.edutec.SummaryStatsUdafTests" time="0.053" tests="3" errors="0" skipped="0" failures="0">
  <properties>
[...]
</properties>
  <testcase name="mergeAggregates" classname="com.edutec.SummaryStatsUdafTests" time="0.006"/>
  <testcase name="calculateSummaryStats{Double, Map, Map}[1]" classname="com.edutec.SummaryStatsUdafTests" time="0.014"/>
  <testcase name="calculateSummaryStats{Double, Map, Map}[2]" classname="com.edutec.SummaryStatsUdafTests" time="0"/>
</testsuite>